<?xml version="1.0" encoding="utf-8"?><testsuites name="pytest tests"><testsuite name="pytest" errors="0" failures="0" skipped="0" tests="9" time="0.945" timestamp="2026-05-31T13:19:57.604127+00:00" hostname="agent-env-a60c906a-6c6f-478d-93c6-356cbf00ee87"><testcase classname="backend.tests.backend_test.TestHealth" name="test_root" time="0.241" /><testcase classname="backend.tests.backend_test.TestHealth" name="test_status_create_and_list" time="0.119" /><testcase classname="backend.tests.backend_test.TestLeads" name="test_create_lead_valid" time="0.105" /><testcase classname="backend.tests.backend_test.TestLeads" name="test_create_lead_minimal_valid" time="0.058" /><testcase classname="backend.tests.backend_test.TestLeads" name="test_create_lead_invalid_email" time="0.051" /><testcase classname="backend.tests.backend_test.TestLeads" name="test_create_lead_missing_name" time="0.057" /><testcase classname="backend.tests.backend_test.TestLeads" name="test_create_lead_empty_name" time="0.052" /><testcase classname="backend.tests.backend_test.TestLeads" name="test_list_leads" time="0.051" /><testcase classname="backend.tests.backend_test.TestLeads" name="test_list_leads_limit_invalid" time="0.102" /></testsuite></testsuites>